[16/Apr/2014 14:10:37] "GET /user/details/?user=test@test.com HTTP/1.1" 200 77
Validating models...

0 errors found
April 16, 2014 - 14:10:30
Django version 1.6.2, using settings 'MyDBapi.settings'
Starting development server at http://0.0.0.0:80/
Quit the server with CONTROL-C.
Error: That port is already in use.
[16/Apr/2014 14:14:10] "GET /db/api/user/details/?user=test@test.com HTTP/1.1" 200 77
[16/Apr/2014 14:45:16] "POST /db/api/user/create/ HTTP/1.1" 200 150
[16/Apr/2014 14:45:16] "GET /db/api/user/details/?user=example%40mail.ru HTTP/1.1" 200 205
[16/Apr/2014 14:45:16] "POST /db/api/user/create/ HTTP/1.1" 200 142
[16/Apr/2014 14:45:16] "GET /db/api/user/details/?user=richard.nixon%40example.com HTTP/1.1" 200 197
[16/Apr/2014 14:45:16] "POST /db/api/user/create/ HTTP/1.1" 200 150
[16/Apr/2014 14:45:16] "GET /db/api/user/details/?user=example2%40mail.ru HTTP/1.1" 200 205
[16/Apr/2014 14:45:16] "POST /db/api/user/create/ HTTP/1.1" 200 151
[16/Apr/2014 14:45:16] "GET /db/api/user/details/?user=example3%40mail.ru HTTP/1.1" 200 206
[16/Apr/2014 14:45:16] "POST /db/api/user/create/ HTTP/1.1" 200 150
[16/Apr/2014 14:45:16] "GET /db/api/user/details/?user=example4%40mail.ru HTTP/1.1" 200 205
[16/Apr/2014 14:45:16] "POST /db/api/forum/create/ HTTP/1.1" 200 158
[16/Apr/2014 14:45:16] "GET /db/api/forum/details/?related=%5B%27user%27%5D&forum=forumwithsufficientlylargename HTTP/1.1" 200 158
[16/Apr/2014 14:45:16] "POST /db/api/forum/create/ HTTP/1.1" 200 107
[16/Apr/2014 14:45:16] "GET /db/api/forum/details/?related=%5B%27user%27%5D&forum=forum1 HTTP/1.1" 200 107
[16/Apr/2014 14:45:16] "POST /db/api/forum/create/ HTTP/1.1" 200 108
[16/Apr/2014 14:45:16] "GET /db/api/forum/details/?related=%5B%27user%27%5D&forum=forum2 HTTP/1.1" 200 108
[16/Apr/2014 14:45:16] "POST /db/api/forum/create/ HTTP/1.1" 200 109
Validating models...

0 errors found
April 16, 2014 - 14:13:28
Django version 1.6.2, using settings 'MyDBapi.settings'
Starting development server at http://0.0.0.0:80/
Quit the server with CONTROL-C.
